<?xml version="1.0" encoding="UTF-8"?>
<testsuite name="WebCrawlerTest" tests="3" skipped="0" failures="0" errors="0" timestamp="2023-05-05T20:33:52" hostname="Amir-Baron-MBP.local" time="0.074">
  <properties/>
  <testcase name="[1] webcrawler.WebCrawlerUsingPhaser@6d64b553, Mock for UrlFetcher, hashCode: 594916129" classname="WebCrawlerTest" time="0.063"/>
  <testcase name="[2] webcrawler.WebCrawlerUsingCompletionService@1bc425e7, Mock for UrlFetcher, hashCode: 1075996552" classname="WebCrawlerTest" time="0.004"/>
  <testcase name="[3] webcrawler.WebCrawlerUsingCompletableFuture@aa004a0, Mock for UrlFetcher, hashCode: 1096411163" classname="WebCrawlerTest" time="0.004"/>
  <system-out><![CDATA[]]></system-out>
  <system-err><![CDATA[May 05, 2023 11:33:52 PM webcrawler.WebCrawlerUsingPhaser crawlLinks
INFO: Crawling started
May 05, 2023 11:33:52 PM webcrawler.WebCrawlerUsingPhaser crawlLinks
INFO: Crawling completed
]]></system-err>
</testsuite>
